2022-06-13 11:07:43,342 INFO n.r.Graph [main] 1
2022-06-13 11:10:24,693 INFO n.r.Graph [main] 3
2022-06-13 11:13:49,261 INFO n.r.Graph [main] 2
2022-06-13 11:14:24,135 INFO n.r.Graph [main] 4
2022-06-13 11:14:32,127 INFO n.r.Graph [main] 6
2022-06-13 11:14:36,902 INFO n.r.Graph [main] 8
2022-06-13 11:14:39,396 INFO n.r.Graph [main] 7
2022-06-13 11:14:41,921 INFO n.r.Graph [main] 5
2022-06-13 11:14:44,632 INFO n.r.Graph [main] 9
2022-06-13 11:14:47,922 INFO n.r.Graph [main] 13
2022-06-13 11:14:50,641 INFO n.r.Graph [main] 19
2022-06-13 11:15:00,599 INFO n.r.Graph [main] 14
2022-06-13 11:15:08,289 INFO n.r.Graph [main] 12
2022-06-13 11:15:10,869 INFO n.r.Graph [main] 18
2022-06-13 11:15:13,548 INFO n.r.Graph [main] 16
2022-06-13 11:15:16,178 INFO n.r.Graph [main] 17
2022-06-13 11:15:19,849 INFO n.r.Graph [main] 10
2022-06-13 11:15:22,572 INFO n.r.Graph [main] 11
2022-06-13 11:15:25,220 INFO n.r.Graph [main] 15
2022-06-13 11:18:15,642 INFO n.r.Graph [main] BusStop{id=3, name='Mihalovo', latitude=53.8655, longitude=27.5303, city=City{id=1, name='null'}}
2022-06-13 11:18:15,642 INFO n.r.Graph [main] BusStop{id=12, name='Truda', latitude=54.0106, longitude=28.1374, city=City{id=2, name='null'}}
2022-06-13 11:18:15,642 INFO n.r.Graph [main] BusStop{id=2, name='Petrovschina', latitude=53.864, longitude=27.5419, city=City{id=1, name='null'}}
2022-06-13 11:18:15,642 INFO n.r.Graph [main] BusStop{id=9, name='Partizanskay', latitude=53.8822, longitude=27.5195, city=City{id=1, name='null'}}
2022-06-13 11:18:15,652 INFO n.r.Graph [main] BusStop{id=10, name='Mogilevskay', latitude=53.8806, longitude=27.5835, city=City{id=1, name='null'}}
2022-06-13 11:18:15,652 INFO n.r.Graph [main] BusStop{id=8, name='Pervomayskay', latitude=53.8844, longitude=27.5346, city=City{id=1, name='null'}}
2022-06-13 11:18:15,652 INFO n.r.Graph [main] BusStop{id=11, name='Vokzal', latitude=54.0129, longitude=28.1436, city=City{id=2, name='null'}}
2022-06-13 11:18:15,652 INFO n.r.Graph [main] BusStop{id=5, name='Lenina', latitude=53.8727, longitude=27.5272, city=City{id=1, name='null'}}
2022-06-13 11:18:15,652 INFO n.r.Graph [main] BusStop{id=6, name='Octobrs', latitude=53.8777, longitude=27.5442, city=City{id=1, name='null'}}
2022-06-13 11:18:15,652 INFO n.r.Graph [main] BusStop{id=7, name='Pobedy', latitude=53.8799, longitude=27.5356, city=City{id=1, name='null'}}
2022-06-13 11:18:15,652 INFO n.r.Graph [main] BusStop{id=1, name='Malinovka', latitude=53.8633, longitude=27.5341, city=City{id=1, name='null'}}
2022-06-13 11:18:15,652 INFO n.r.Graph [main] BusStop{id=4, name='Grushevka', latitude=53.87, longitude=27.5339, city=City{id=1, name='null'}}
