2022-06-13 13:49:17,863 INFO n.Main [main] Malinovka
2022-06-13 13:49:17,873 INFO n.Main [main] Petrovschina
2022-06-13 13:49:17,873 INFO n.Main [main] Mihalovo
2022-06-13 13:49:17,873 INFO n.Main [main] Grushevka
2022-06-13 13:49:17,873 INFO n.Main [main] Lenina
2022-06-13 13:49:17,873 INFO n.Main [main] Octobrs
2022-06-13 13:49:17,873 INFO n.Main [main] Pobedy
2022-06-13 13:49:17,873 INFO n.Main [main] Pervomayskay
2022-06-13 13:49:17,873 INFO n.Main [main] Partizanskay
2022-06-13 13:49:17,883 INFO n.Main [main] Mogilevskay
2022-06-13 13:49:17,883 INFO n.Main [main] Vokzal
2022-06-13 13:49:17,883 INFO n.Main [main] Truda
2022-06-13 13:49:17,883 INFO n.Main [main] Electrosety
2022-06-13 13:49:17,920 INFO n.Main [main] Kamenchikova
2022-06-13 13:49:17,920 INFO n.Main [main] Krupskay
2022-06-13 13:49:17,923 INFO n.Main [main] Nagornaya
2022-06-13 13:49:17,923 INFO n.Main [main] Gromyko
2022-06-13 13:49:17,923 INFO n.Main [main] Makayenka
2022-06-13 13:49:17,923 INFO n.Main [main] Kiseleva
2022-06-13 13:49:17,923 INFO n.Main [main] Kurchatova
