2022-06-12 20:59:25,344 INFO n.Main [main] 40757.07645464681   
1365.672072422345
2022-06-12 20:59:25,414 INFO n.d.i.BusStopDAO [main] List of Bus stops[BusStop{id=1, name='Malinovka', latitude=53.8633, longitude=27.5341, city=null}] 
2022-06-12 20:59:25,416 INFO n.d.i.BusStopDAO [main] List of Bus stops[BusStop{id=2, name='Petrovschina', latitude=53.864, longitude=27.5419, city=null}, BusStop{id=2, name='Petrovschina', latitude=53.864, longitude=27.5419, city=null}] 
2022-06-12 20:59:25,416 INFO n.d.i.BusStopDAO [main] List of Bus stops[BusStop{id=3, name='Mihalovo', latitude=53.8655, longitude=27.5303, city=null}, BusStop{id=3, name='Mihalovo', latitude=53.8655, longitude=27.5303, city=null}, BusStop{id=3, name='Mihalovo', latitude=53.8655, longitude=27.5303, city=null}] 
2022-06-12 20:59:25,429 INFO n.d.i.BusStopDAO [main] List of Bus stops[BusStop{id=4, name='Grushevka', latitude=53.87, longitude=27.5339, city=null}, BusStop{id=4, name='Grushevka', latitude=53.87, longitude=27.5339, city=null}, BusStop{id=4, name='Grushevka', latitude=53.87, longitude=27.5339, city=null}, BusStop{id=4, name='Grushevka', latitude=53.87, longitude=27.5339, city=null}] 
2022-06-12 20:59:25,429 INFO n.d.i.BusStopDAO [main] List of Bus stops[BusStop{id=5, name='Lenina', latitude=53.8727, longitude=27.5272, city=null}, BusStop{id=5, name='Lenina', latitude=53.8727, longitude=27.5272, city=null}, BusStop{id=5, name='Lenina', latitude=53.8727, longitude=27.5272, city=null}, BusStop{id=5, name='Lenina', latitude=53.8727, longitude=27.5272, city=null}, BusStop{id=5, name='Lenina', latitude=53.8727, longitude=27.5272, city=null}] 
2022-06-12 20:59:25,429 INFO n.d.i.BusStopDAO [main] List of Bus stops[BusStop{id=6, name='Octobrs', latitude=53.8777, longitude=27.5442, city=null}, BusStop{id=6, name='Octobrs', latitude=53.8777, longitude=27.5442, city=null}, BusStop{id=6, name='Octobrs', latitude=53.8777, longitude=27.5442, city=null}, BusStop{id=6, name='Octobrs', latitude=53.8777, longitude=27.5442, city=null}, BusStop{id=6, name='Octobrs', latitude=53.8777, longitude=27.5442, city=null}, BusStop{id=6, name='Octobrs', latitude=53.8777, longitude=27.5442, city=null}] 
2022-06-12 20:59:25,429 INFO n.d.i.BusStopDAO [main] List of Bus stops[BusStop{id=7, name='Pobedy', latitude=53.8799, longitude=27.5356, city=null}, BusStop{id=7, name='Pobedy', latitude=53.8799, longitude=27.5356, city=null}, BusStop{id=7, name='Pobedy', latitude=53.8799, longitude=27.5356, city=null}, BusStop{id=7, name='Pobedy', latitude=53.8799, longitude=27.5356, city=null}, BusStop{id=7, name='Pobedy', latitude=53.8799, longitude=27.5356, city=null}, BusStop{id=7, name='Pobedy', latitude=53.8799, longitude=27.5356, city=null}, BusStop{id=7, name='Pobedy', latitude=53.8799, longitude=27.5356, city=null}] 
2022-06-12 20:59:25,429 INFO n.d.i.BusStopDAO [main] List of Bus stops[BusStop{id=8, name='Pervomayskay', latitude=53.8844, longitude=27.5346, city=null}, BusStop{id=8, name='Pervomayskay', latitude=53.8844, longitude=27.5346, city=null}, BusStop{id=8, name='Pervomayskay', latitude=53.8844, longitude=27.5346, city=null}, BusStop{id=8, name='Pervomayskay', latitude=53.8844, longitude=27.5346, city=null}, BusStop{id=8, name='Pervomayskay', latitude=53.8844, longitude=27.5346, city=null}, BusStop{id=8, name='Pervomayskay', latitude=53.8844, longitude=27.5346, city=null}, BusStop{id=8, name='Pervomayskay', latitude=53.8844, longitude=27.5346, city=null}, BusStop{id=8, name='Pervomayskay', latitude=53.8844, longitude=27.5346, city=null}] 
2022-06-12 20:59:25,436 INFO n.d.i.BusStopDAO [main] List of Bus stops[BusStop{id=9, name='Partizanskay', latitude=53.8822, longitude=27.5195, city=null}, BusStop{id=9, name='Partizanskay', latitude=53.8822, longitude=27.5195, city=null}, BusStop{id=9, name='Partizanskay', latitude=53.8822, longitude=27.5195, city=null}, BusStop{id=9, name='Partizanskay', latitude=53.8822, longitude=27.5195, city=null}, BusStop{id=9, name='Partizanskay', latitude=53.8822, longitude=27.5195, city=null}, BusStop{id=9, name='Partizanskay', latitude=53.8822, longitude=27.5195, city=null}, BusStop{id=9, name='Partizanskay', latitude=53.8822, longitude=27.5195, city=null}, BusStop{id=9, name='Partizanskay', latitude=53.8822, longitude=27.5195, city=null}, BusStop{id=9, name='Partizanskay', latitude=53.8822, longitude=27.5195, city=null}] 
2022-06-12 20:59:25,436 INFO n.d.i.BusStopDAO [main] List of Bus stops[BusStop{id=10, name='Mogilevskay', latitude=53.8806, longitude=27.5835, city=null}, BusStop{id=10, name='Mogilevskay', latitude=53.8806, longitude=27.5835, city=null}, BusStop{id=10, name='Mogilevskay', latitude=53.8806, longitude=27.5835, city=null}, BusStop{id=10, name='Mogilevskay', latitude=53.8806, longitude=27.5835, city=null}, BusStop{id=10, name='Mogilevskay', latitude=53.8806, longitude=27.5835, city=null}, BusStop{id=10, name='Mogilevskay', latitude=53.8806, longitude=27.5835, city=null}, BusStop{id=10, name='Mogilevskay', latitude=53.8806, longitude=27.5835, city=null}, BusStop{id=10, name='Mogilevskay', latitude=53.8806, longitude=27.5835, city=null}, BusStop{id=10, name='Mogilevskay', latitude=53.8806, longitude=27.5835, city=null}, BusStop{id=10, name='Mogilevskay', latitude=53.8806, longitude=27.5835, city=null}] 
2022-06-12 20:59:25,436 INFO n.d.i.BusStopDAO [main] List of Bus stops[BusStop{id=11, name='Vokzal', latitude=54.0129, longitude=28.1436, city=null}, BusStop{id=11, name='Vokzal', latitude=54.0129, longitude=28.1436, city=null}, BusStop{id=11, name='Vokzal', latitude=54.0129, longitude=28.1436, city=null}, BusStop{id=11, name='Vokzal', latitude=54.0129, longitude=28.1436, city=null}, BusStop{id=11, name='Vokzal', latitude=54.0129, longitude=28.1436, city=null}, BusStop{id=11, name='Vokzal', latitude=54.0129, longitude=28.1436, city=null}, BusStop{id=11, name='Vokzal', latitude=54.0129, longitude=28.1436, city=null}, BusStop{id=11, name='Vokzal', latitude=54.0129, longitude=28.1436, city=null}, BusStop{id=11, name='Vokzal', latitude=54.0129, longitude=28.1436, city=null}, BusStop{id=11, name='Vokzal', latitude=54.0129, longitude=28.1436, city=null}, BusStop{id=11, name='Vokzal', latitude=54.0129, longitude=28.1436, city=null}] 
2022-06-12 20:59:25,436 INFO n.d.i.BusStopDAO [main] List of Bus stops[BusStop{id=12, name='Truda', latitude=54.0106, longitude=28.1374, city=null}, BusStop{id=12, name='Truda', latitude=54.0106, longitude=28.1374, city=null}, BusStop{id=12, name='Truda', latitude=54.0106, longitude=28.1374, city=null}, BusStop{id=12, name='Truda', latitude=54.0106, longitude=28.1374, city=null}, BusStop{id=12, name='Truda', latitude=54.0106, longitude=28.1374, city=null}, BusStop{id=12, name='Truda', latitude=54.0106, longitude=28.1374, city=null}, BusStop{id=12, name='Truda', latitude=54.0106, longitude=28.1374, city=null}, BusStop{id=12, name='Truda', latitude=54.0106, longitude=28.1374, city=null}, BusStop{id=12, name='Truda', latitude=54.0106, longitude=28.1374, city=null}, BusStop{id=12, name='Truda', latitude=54.0106, longitude=28.1374, city=null}, BusStop{id=12, name='Truda', latitude=54.0106, longitude=28.1374, city=null}, BusStop{id=12, name='Truda', latitude=54.0106, longitude=28.1374, city=null}] 
2022-06-12 20:59:25,436 INFO n.d.i.BusStopDAO [main] List of Bus stops[BusStop{id=13, name='Electrosety', latitude=54.0074, longitude=28.1141, city=null}, BusStop{id=13, name='Electrosety', latitude=54.0074, longitude=28.1141, city=null}, BusStop{id=13, name='Electrosety', latitude=54.0074, longitude=28.1141, city=null}, BusStop{id=13, name='Electrosety', latitude=54.0074, longitude=28.1141, city=null}, BusStop{id=13, name='Electrosety', latitude=54.0074, longitude=28.1141, city=null}, BusStop{id=13, name='Electrosety', latitude=54.0074, longitude=28.1141, city=null}, BusStop{id=13, name='Electrosety', latitude=54.0074, longitude=28.1141, city=null}, BusStop{id=13, name='Electrosety', latitude=54.0074, longitude=28.1141, city=null}, BusStop{id=13, name='Electrosety', latitude=54.0074, longitude=28.1141, city=null}, BusStop{id=13, name='Electrosety', latitude=54.0074, longitude=28.1141, city=null}, BusStop{id=13, name='Electrosety', latitude=54.0074, longitude=28.1141, city=null}, BusStop{id=13, name='Electrosety', latitude=54.0074, longitude=28.1141, city=null}, BusStop{id=13, name='Electrosety', latitude=54.0074, longitude=28.1141, city=null}] 
2022-06-12 20:59:25,436 INFO n.d.i.BusStopDAO [main] List of Bus stops[BusStop{id=14, name='Kamenchikova', latitude=54.0176, longitude=28.0612, city=null}, BusStop{id=14, name='Kamenchikova', latitude=54.0176, longitude=28.0612, city=null}, BusStop{id=14, name='Kamenchikova', latitude=54.0176, longitude=28.0612, city=null}, BusStop{id=14, name='Kamenchikova', latitude=54.0176, longitude=28.0612, city=null}, BusStop{id=14, name='Kamenchikova', latitude=54.0176, longitude=28.0612, city=null}, BusStop{id=14, name='Kamenchikova', latitude=54.0176, longitude=28.0612, city=null}, BusStop{id=14, name='Kamenchikova', latitude=54.0176, longitude=28.0612, city=null}, BusStop{id=14, name='Kamenchikova', latitude=54.0176, longitude=28.0612, city=null}, BusStop{id=14, name='Kamenchikova', latitude=54.0176, longitude=28.0612, city=null}, BusStop{id=14, name='Kamenchikova', latitude=54.0176, longitude=28.0612, city=null}, BusStop{id=14, name='Kamenchikova', latitude=54.0176, longitude=28.0612, city=null}, BusStop{id=14, name='Kamenchikova', latitude=54.0176, longitude=28.0612, city=null}, BusStop{id=14, name='Kamenchikova', latitude=54.0176, longitude=28.0612, city=null}, BusStop{id=14, name='Kamenchikova', latitude=54.0176, longitude=28.0612, city=null}] 
2022-06-12 20:59:25,436 INFO n.d.i.BusStopDAO [main] List of Bus stops[BusStop{id=15, name='Krupskay', latitude=54.0252, longitude=28.1, city=null}, BusStop{id=15, name='Krupskay', latitude=54.0252, longitude=28.1, city=null}, BusStop{id=15, name='Krupskay', latitude=54.0252, longitude=28.1, city=null}, BusStop{id=15, name='Krupskay', latitude=54.0252, longitude=28.1, city=null}, BusStop{id=15, name='Krupskay', latitude=54.0252, longitude=28.1, city=null}, BusStop{id=15, name='Krupskay', latitude=54.0252, longitude=28.1, city=null}, BusStop{id=15, name='Krupskay', latitude=54.0252, longitude=28.1, city=null}, BusStop{id=15, name='Krupskay', latitude=54.0252, longitude=28.1, city=null}, BusStop{id=15, name='Krupskay', latitude=54.0252, longitude=28.1, city=null}, BusStop{id=15, name='Krupskay', latitude=54.0252, longitude=28.1, city=null}, BusStop{id=15, name='Krupskay', latitude=54.0252, longitude=28.1, city=null}, BusStop{id=15, name='Krupskay', latitude=54.0252, longitude=28.1, city=null}, BusStop{id=15, name='Krupskay', latitude=54.0252, longitude=28.1, city=null}, BusStop{id=15, name='Krupskay', latitude=54.0252, longitude=28.1, city=null}, BusStop{id=15, name='Krupskay', latitude=54.0252, longitude=28.1, city=null}] 
2022-06-12 20:59:25,446 INFO n.d.i.BusStopDAO [main] List of Bus stops[BusStop{id=16, name='Nagornaya', latitude=54.0287, longitude=28.1101, city=null}, BusStop{id=16, name='Nagornaya', latitude=54.0287, longitude=28.1101, city=null}, BusStop{id=16, name='Nagornaya', latitude=54.0287, longitude=28.1101, city=null}, BusStop{id=16, name='Nagornaya', latitude=54.0287, longitude=28.1101, city=null}, BusStop{id=16, name='Nagornaya', latitude=54.0287, longitude=28.1101, city=null}, BusStop{id=16, name='Nagornaya', latitude=54.0287, longitude=28.1101, city=null}, BusStop{id=16, name='Nagornaya', latitude=54.0287, longitude=28.1101, city=null}, BusStop{id=16, name='Nagornaya', latitude=54.0287, longitude=28.1101, city=null}, BusStop{id=16, name='Nagornaya', latitude=54.0287, longitude=28.1101, city=null}, BusStop{id=16, name='Nagornaya', latitude=54.0287, longitude=28.1101, city=null}, BusStop{id=16, name='Nagornaya', latitude=54.0287, longitude=28.1101, city=null}, BusStop{id=16, name='Nagornaya', latitude=54.0287, longitude=28.1101, city=null}, BusStop{id=16, name='Nagornaya', latitude=54.0287, longitude=28.1101, city=null}, BusStop{id=16, name='Nagornaya', latitude=54.0287, longitude=28.1101, city=null}, BusStop{id=16, name='Nagornaya', latitude=54.0287, longitude=28.1101, city=null}, BusStop{id=16, name='Nagornaya', latitude=54.0287, longitude=28.1101, city=null}] 
2022-06-12 20:59:25,446 INFO n.d.i.BusStopDAO [main] List of Bus stops[BusStop{id=17, name='Gromyko', latitude=54.0253, longitude=28.0831, city=null}, BusStop{id=17, name='Gromyko', latitude=54.0253, longitude=28.0831, city=null}, BusStop{id=17, name='Gromyko', latitude=54.0253, longitude=28.0831, city=null}, BusStop{id=17, name='Gromyko', latitude=54.0253, longitude=28.0831, city=null}, BusStop{id=17, name='Gromyko', latitude=54.0253, longitude=28.0831, city=null}, BusStop{id=17, name='Gromyko', latitude=54.0253, longitude=28.0831, city=null}, BusStop{id=17, name='Gromyko', latitude=54.0253, longitude=28.0831, city=null}, BusStop{id=17, name='Gromyko', latitude=54.0253, longitude=28.0831, city=null}, BusStop{id=17, name='Gromyko', latitude=54.0253, longitude=28.0831, city=null}, BusStop{id=17, name='Gromyko', latitude=54.0253, longitude=28.0831, city=null}, BusStop{id=17, name='Gromyko', latitude=54.0253, longitude=28.0831, city=null}, BusStop{id=17, name='Gromyko', latitude=54.0253, longitude=28.0831, city=null}, BusStop{id=17, name='Gromyko', latitude=54.0253, longitude=28.0831, city=null}, BusStop{id=17, name='Gromyko', latitude=54.0253, longitude=28.0831, city=null}, BusStop{id=17, name='Gromyko', latitude=54.0253, longitude=28.0831, city=null}, BusStop{id=17, name='Gromyko', latitude=54.0253, longitude=28.0831, city=null}, BusStop{id=17, name='Gromyko', latitude=54.0253, longitude=28.0831, city=null}] 
2022-06-12 20:59:25,446 INFO n.d.i.BusStopDAO [main] List of Bus stops[BusStop{id=18, name='Makayenka', latitude=54.0353, longitude=28.0841, city=null}, BusStop{id=18, name='Makayenka', latitude=54.0353, longitude=28.0841, city=null}, BusStop{id=18, name='Makayenka', latitude=54.0353, longitude=28.0841, city=null}, BusStop{id=18, name='Makayenka', latitude=54.0353, longitude=28.0841, city=null}, BusStop{id=18, name='Makayenka', latitude=54.0353, longitude=28.0841, city=null}, BusStop{id=18, name='Makayenka', latitude=54.0353, longitude=28.0841, city=null}, BusStop{id=18, name='Makayenka', latitude=54.0353, longitude=28.0841, city=null}, BusStop{id=18, name='Makayenka', latitude=54.0353, longitude=28.0841, city=null}, BusStop{id=18, name='Makayenka', latitude=54.0353, longitude=28.0841, city=null}, BusStop{id=18, name='Makayenka', latitude=54.0353, longitude=28.0841, city=null}, BusStop{id=18, name='Makayenka', latitude=54.0353, longitude=28.0841, city=null}, BusStop{id=18, name='Makayenka', latitude=54.0353, longitude=28.0841, city=null}, BusStop{id=18, name='Makayenka', latitude=54.0353, longitude=28.0841, city=null}, BusStop{id=18, name='Makayenka', latitude=54.0353, longitude=28.0841, city=null}, BusStop{id=18, name='Makayenka', latitude=54.0353, longitude=28.0841, city=null}, BusStop{id=18, name='Makayenka', latitude=54.0353, longitude=28.0841, city=null}, BusStop{id=18, name='Makayenka', latitude=54.0353, longitude=28.0841, city=null}, BusStop{id=18, name='Makayenka', latitude=54.0353, longitude=28.0841, city=null}] 
2022-06-12 20:59:25,446 INFO n.d.i.BusStopDAO [main] List of Bus stops[BusStop{id=19, name='Kiseleva', latitude=54.0453, longitude=28.1081, city=null}, BusStop{id=19, name='Kiseleva', latitude=54.0453, longitude=28.1081, city=null}, BusStop{id=19, name='Kiseleva', latitude=54.0453, longitude=28.1081, city=null}, BusStop{id=19, name='Kiseleva', latitude=54.0453, longitude=28.1081, city=null}, BusStop{id=19, name='Kiseleva', latitude=54.0453, longitude=28.1081, city=null}, BusStop{id=19, name='Kiseleva', latitude=54.0453, longitude=28.1081, city=null}, BusStop{id=19, name='Kiseleva', latitude=54.0453, longitude=28.1081, city=null}, BusStop{id=19, name='Kiseleva', latitude=54.0453, longitude=28.1081, city=null}, BusStop{id=19, name='Kiseleva', latitude=54.0453, longitude=28.1081, city=null}, BusStop{id=19, name='Kiseleva', latitude=54.0453, longitude=28.1081, city=null}, BusStop{id=19, name='Kiseleva', latitude=54.0453, longitude=28.1081, city=null}, BusStop{id=19, name='Kiseleva', latitude=54.0453, longitude=28.1081, city=null}, BusStop{id=19, name='Kiseleva', latitude=54.0453, longitude=28.1081, city=null}, BusStop{id=19, name='Kiseleva', latitude=54.0453, longitude=28.1081, city=null}, BusStop{id=19, name='Kiseleva', latitude=54.0453, longitude=28.1081, city=null}, BusStop{id=19, name='Kiseleva', latitude=54.0453, longitude=28.1081, city=null}, BusStop{id=19, name='Kiseleva', latitude=54.0453, longitude=28.1081, city=null}, BusStop{id=19, name='Kiseleva', latitude=54.0453, longitude=28.1081, city=null}, BusStop{id=19, name='Kiseleva', latitude=54.0453, longitude=28.1081, city=null}] 
2022-06-12 20:59:25,446 INFO n.d.i.BusStopDAO [main] List of Bus stops[BusStop{id=20, name='Kurchatova', latitude=54.0174, longitude=28.1041, city=null}, BusStop{id=20, name='Kurchatova', latitude=54.0174, longitude=28.1041, city=null}, BusStop{id=20, name='Kurchatova', latitude=54.0174, longitude=28.1041, city=null}, BusStop{id=20, name='Kurchatova', latitude=54.0174, longitude=28.1041, city=null}, BusStop{id=20, name='Kurchatova', latitude=54.0174, longitude=28.1041, city=null}, BusStop{id=20, name='Kurchatova', latitude=54.0174, longitude=28.1041, city=null}, BusStop{id=20, name='Kurchatova', latitude=54.0174, longitude=28.1041, city=null}, BusStop{id=20, name='Kurchatova', latitude=54.0174, longitude=28.1041, city=null}, BusStop{id=20, name='Kurchatova', latitude=54.0174, longitude=28.1041, city=null}, BusStop{id=20, name='Kurchatova', latitude=54.0174, longitude=28.1041, city=null}, BusStop{id=20, name='Kurchatova', latitude=54.0174, longitude=28.1041, city=null}, BusStop{id=20, name='Kurchatova', latitude=54.0174, longitude=28.1041, city=null}, BusStop{id=20, name='Kurchatova', latitude=54.0174, longitude=28.1041, city=null}, BusStop{id=20, name='Kurchatova', latitude=54.0174, longitude=28.1041, city=null}, BusStop{id=20, name='Kurchatova', latitude=54.0174, longitude=28.1041, city=null}, BusStop{id=20, name='Kurchatova', latitude=54.0174, longitude=28.1041, city=null}, BusStop{id=20, name='Kurchatova', latitude=54.0174, longitude=28.1041, city=null}, BusStop{id=20, name='Kurchatova', latitude=54.0174, longitude=28.1041, city=null}, BusStop{id=20, name='Kurchatova', latitude=54.0174, longitude=28.1041, city=null}, BusStop{id=20, name='Kurchatova', latitude=54.0174, longitude=28.1041, city=null}] 
2022-06-12 20:59:25,446 INFO n.Main [main] navigation.realization.Peak@5af3a0f
2022-06-12 20:59:25,446 INFO n.Main [main] navigation.realization.Peak@19ae6bb
2022-06-12 20:59:25,446 INFO n.Main [main] navigation.realization.Peak@10993713
2022-06-12 20:59:25,446 INFO n.Main [main] navigation.realization.Peak@58359ebd
2022-06-12 20:59:25,446 INFO n.Main [main] navigation.realization.Peak@24b6b8f6
2022-06-12 20:59:25,446 INFO n.Main [main] navigation.realization.Peak@72cf2de5
2022-06-12 20:59:25,446 INFO n.Main [main] navigation.realization.Peak@2bb7bd00
2022-06-12 20:59:25,446 INFO n.Main [main] navigation.realization.Peak@5f031ebd
2022-06-12 20:59:25,446 INFO n.Main [main] navigation.realization.Peak@4ee37ca3
2022-06-12 20:59:25,446 INFO n.Main [main] navigation.realization.Peak@45c8d09f
2022-06-12 20:59:25,446 INFO n.Main [main] navigation.realization.Peak@53812a9b
2022-06-12 20:59:25,446 INFO n.Main [main] navigation.realization.Peak@14b030a0
2022-06-12 20:59:25,446 INFO n.Main [main] navigation.realization.Peak@41e350f1
2022-06-12 20:59:25,456 INFO n.Main [main] navigation.realization.Peak@422c3c7a
2022-06-12 20:59:25,456 INFO n.Main [main] navigation.realization.Peak@18230356
2022-06-12 20:59:25,456 INFO n.Main [main] navigation.realization.Peak@d8305c2
2022-06-12 20:59:25,456 INFO n.Main [main] navigation.realization.Peak@56bca85b
2022-06-12 20:59:25,456 INFO n.Main [main] navigation.realization.Peak@75d0911a
2022-06-12 20:59:25,456 INFO n.Main [main] navigation.realization.Peak@75e91545
2022-06-12 20:59:25,456 INFO n.Main [main] navigation.realization.Peak@60d1a32f
2022-06-12 20:59:25,456 INFO n.Main [main] navigation.realization.Peak@531c311e
2022-06-12 20:59:25,456 INFO n.Main [main] navigation.realization.Peak@22b53226
2022-06-12 20:59:25,456 INFO n.Main [main] navigation.realization.Peak@1fcb4808
2022-06-12 20:59:25,456 INFO n.Main [main] navigation.realization.Peak@726e5805
2022-06-12 20:59:25,456 INFO n.Main [main] navigation.realization.Peak@40c80397
2022-06-12 20:59:25,456 INFO n.Main [main] navigation.realization.Peak@4b672daa
2022-06-12 20:59:25,456 INFO n.Main [main] navigation.realization.Peak@ea9b7c6
2022-06-12 20:59:25,456 INFO n.Main [main] navigation.realization.Peak@e077866
2022-06-12 20:59:25,456 INFO n.Main [main] navigation.realization.Peak@ed3068a
2022-06-12 20:59:25,456 INFO n.Main [main] navigation.realization.Peak@7c2b6087
2022-06-12 20:59:25,456 INFO n.Main [main] navigation.realization.Peak@3fffff43
2022-06-12 20:59:25,456 INFO n.Main [main] navigation.realization.Peak@a8e6492
2022-06-12 20:59:25,456 INFO n.Main [main] navigation.realization.Peak@1c7fd41f
2022-06-12 20:59:25,456 INFO n.Main [main] navigation.realization.Peak@3b77a04f
2022-06-12 20:59:25,456 INFO n.Main [main] navigation.realization.Peak@7b324585
2022-06-12 20:59:25,456 INFO n.Main [main] navigation.realization.Peak@2e11485
2022-06-12 20:59:25,456 INFO n.Main [main] navigation.realization.Peak@60dce7ea
2022-06-12 20:59:25,456 INFO n.Main [main] navigation.realization.Peak@662f5666
2022-06-12 20:59:25,456 INFO n.Main [main] navigation.realization.Peak@fd8294b
2022-06-12 20:59:25,456 INFO n.Main [main] navigation.realization.Peak@5974109
2022-06-12 20:59:25,456 INFO n.Main [main] navigation.realization.Peak@27305e6
2022-06-12 20:59:25,456 INFO n.Main [main] navigation.realization.Peak@1ef3efa8
2022-06-12 20:59:25,456 INFO n.Main [main] navigation.realization.Peak@502f1f4c
2022-06-12 20:59:25,456 INFO n.Main [main] navigation.realization.Peak@6f8f9349
2022-06-12 20:59:25,456 INFO n.Main [main] navigation.realization.Peak@75c9e76b
2022-06-12 20:59:25,456 INFO n.Main [main] navigation.realization.Peak@7446d8d5
2022-06-12 20:59:25,456 INFO n.Main [main] navigation.realization.Peak@5c3b6c6e
2022-06-12 20:59:25,456 INFO n.Main [main] navigation.realization.Peak@4fbda97b
2022-06-12 20:59:25,456 INFO n.Main [main] navigation.realization.Peak@75f5fd58
2022-06-12 20:59:25,456 INFO n.Main [main] navigation.realization.Peak@37b70343
2022-06-12 20:59:25,456 INFO n.Main [main] navigation.realization.Peak@306851c7
2022-06-12 20:59:25,456 INFO n.Main [main] navigation.realization.Peak@12bcd0c0
2022-06-12 20:59:25,456 INFO n.Main [main] navigation.realization.Peak@4879f0f2
2022-06-12 20:59:25,456 INFO n.Main [main] navigation.realization.Peak@47db5fa5
2022-06-12 20:59:25,456 INFO n.Main [main] navigation.realization.Peak@354fc8f0
2022-06-12 20:59:25,456 INFO n.Main [main] navigation.realization.Peak@41813449
2022-06-12 20:59:25,456 INFO n.Main [main] navigation.realization.Peak@4678a2eb
2022-06-12 20:59:25,456 INFO n.Main [main] navigation.realization.Peak@5b43fbf6
2022-06-12 20:59:25,456 INFO n.Main [main] navigation.realization.Peak@1080b026
2022-06-12 20:59:25,456 INFO n.Main [main] navigation.realization.Peak@58ebfd03
2022-06-12 20:59:25,456 INFO n.Main [main] navigation.realization.Peak@5b07730f
2022-06-12 20:59:25,456 INFO n.Main [main] navigation.realization.Peak@1fdfafd2
2022-06-12 20:59:25,466 INFO n.Main [main] navigation.realization.Peak@a4b2d8f
2022-06-12 20:59:25,466 INFO n.Main [main] navigation.realization.Peak@dcfda20
2022-06-12 20:59:25,466 INFO n.Main [main] navigation.realization.Peak@6d304f9d
2022-06-12 20:59:25,466 INFO n.Main [main] navigation.realization.Peak@f73dcd6
2022-06-12 20:59:25,466 INFO n.Main [main] navigation.realization.Peak@5c87bfe2
2022-06-12 20:59:25,466 INFO n.Main [main] navigation.realization.Peak@2fea7088
2022-06-12 20:59:25,466 INFO n.Main [main] navigation.realization.Peak@40499e4f
2022-06-12 20:59:25,466 INFO n.Main [main] navigation.realization.Peak@51cd7ffc
2022-06-12 20:59:25,466 INFO n.Main [main] navigation.realization.Peak@30d4b288
2022-06-12 20:59:25,466 INFO n.Main [main] navigation.realization.Peak@4cc6fa2a
2022-06-12 20:59:25,466 INFO n.Main [main] navigation.realization.Peak@40f1be1b
2022-06-12 20:59:25,466 INFO n.Main [main] navigation.realization.Peak@7a791b66
2022-06-12 20:59:25,466 INFO n.Main [main] navigation.realization.Peak@6f2cb653
2022-06-12 20:59:25,466 INFO n.Main [main] navigation.realization.Peak@14c01636
2022-06-12 20:59:25,466 INFO n.Main [main] navigation.realization.Peak@590c73d3
2022-06-12 20:59:25,466 INFO n.Main [main] navigation.realization.Peak@6b9ce1bf
2022-06-12 20:59:25,466 INFO n.Main [main] navigation.realization.Peak@61884cb1
2022-06-12 20:59:25,466 INFO n.Main [main] navigation.realization.Peak@75ed9710
2022-06-12 20:59:25,466 INFO n.Main [main] navigation.realization.Peak@4fc5e095
2022-06-12 20:59:25,466 INFO n.Main [main] navigation.realization.Peak@435871cb
2022-06-12 20:59:25,466 INFO n.Main [main] navigation.realization.Peak@609640d5
2022-06-12 20:59:25,466 INFO n.Main [main] navigation.realization.Peak@79da1ec0
2022-06-12 20:59:25,466 INFO n.Main [main] navigation.realization.Peak@19fb8826
2022-06-12 20:59:25,466 INFO n.Main [main] navigation.realization.Peak@192d74fb
2022-06-12 20:59:25,466 INFO n.Main [main] navigation.realization.Peak@4bef0fe3
2022-06-12 20:59:25,466 INFO n.Main [main] navigation.realization.Peak@62ea3440
2022-06-12 20:59:25,466 INFO n.Main [main] navigation.realization.Peak@27953a83
2022-06-12 20:59:25,466 INFO n.Main [main] navigation.realization.Peak@556d0826
2022-06-12 20:59:25,466 INFO n.Main [main] navigation.realization.Peak@66ce957f
2022-06-12 20:59:25,466 INFO n.Main [main] navigation.realization.Peak@55b5f5d2
2022-06-12 20:59:25,466 INFO n.Main [main] navigation.realization.Peak@5bfa8cc5
2022-06-12 20:59:25,466 INFO n.Main [main] navigation.realization.Peak@666b83a4
2022-06-12 20:59:25,466 INFO n.Main [main] navigation.realization.Peak@749c877b
2022-06-12 20:59:25,466 INFO n.Main [main] navigation.realization.Peak@efde75f
2022-06-12 20:59:25,466 INFO n.Main [main] navigation.realization.Peak@16ecee1
2022-06-12 20:59:25,466 INFO n.Main [main] navigation.realization.Peak@3b220bcb
2022-06-12 20:59:25,466 INFO n.Main [main] navigation.realization.Peak@2b95e48b
2022-06-12 20:59:25,466 INFO n.Main [main] navigation.realization.Peak@4a3329b9
2022-06-12 20:59:25,466 INFO n.Main [main] navigation.realization.Peak@3dddefd8
2022-06-12 20:59:25,466 INFO n.Main [main] navigation.realization.Peak@160ac7fb
2022-06-12 20:59:25,466 INFO n.Main [main] navigation.realization.Peak@12bfd80d
2022-06-12 20:59:25,466 INFO n.Main [main] navigation.realization.Peak@41925502
2022-06-12 20:59:25,466 INFO n.Main [main] navigation.realization.Peak@13e3c1c7
2022-06-12 20:59:25,466 INFO n.Main [main] navigation.realization.Peak@5316e95f
2022-06-12 20:59:25,466 INFO n.Main [main] navigation.realization.Peak@3f053c80
2022-06-12 20:59:25,466 INFO n.Main [main] navigation.realization.Peak@6c6c5427
2022-06-12 20:59:25,466 INFO n.Main [main] navigation.realization.Peak@618c5d94
2022-06-12 20:59:25,466 INFO n.Main [main] navigation.realization.Peak@5b40ceb
2022-06-12 20:59:25,466 INFO n.Main [main] navigation.realization.Peak@13c3c1e1
2022-06-12 20:59:25,466 INFO n.Main [main] navigation.realization.Peak@1d8062d2
2022-06-12 20:59:25,466 INFO n.Main [main] navigation.realization.Peak@1e63ec0b
2022-06-12 20:59:25,466 INFO n.Main [main] navigation.realization.Peak@3b956878
2022-06-12 20:59:25,466 INFO n.Main [main] navigation.realization.Peak@36546a22
2022-06-12 20:59:25,466 INFO n.Main [main] navigation.realization.Peak@285c08c8
2022-06-12 20:59:25,466 INFO n.Main [main] navigation.realization.Peak@295eaa7c
2022-06-12 20:59:25,476 INFO n.Main [main] navigation.realization.Peak@3918c187
2022-06-12 20:59:25,476 INFO n.Main [main] navigation.realization.Peak@2c88b9fc
2022-06-12 20:59:25,476 INFO n.Main [main] navigation.realization.Peak@64dafeed
2022-06-12 20:59:25,476 INFO n.Main [main] navigation.realization.Peak@388ba540
2022-06-12 20:59:25,476 INFO n.Main [main] navigation.realization.Peak@47605f2f
2022-06-12 20:59:25,476 INFO n.Main [main] navigation.realization.Peak@2ece4966
2022-06-12 20:59:25,476 INFO n.Main [main] navigation.realization.Peak@1dd0e7c4
2022-06-12 20:59:25,476 INFO n.Main [main] navigation.realization.Peak@7894f09b
2022-06-12 20:59:25,476 INFO n.Main [main] navigation.realization.Peak@3d484181
2022-06-12 20:59:25,476 INFO n.Main [main] navigation.realization.Peak@6111ba37
2022-06-12 20:59:25,476 INFO n.Main [main] navigation.realization.Peak@7be58f16
2022-06-12 20:59:25,476 INFO n.Main [main] navigation.realization.Peak@242aa8d9
2022-06-12 20:59:25,476 INFO n.Main [main] navigation.realization.Peak@5b11a194
2022-06-12 20:59:25,476 INFO n.Main [main] navigation.realization.Peak@37bd68c3
2022-06-12 20:59:25,476 INFO n.Main [main] navigation.realization.Peak@60f7cc1d
2022-06-12 20:59:25,476 INFO n.Main [main] navigation.realization.Peak@11eadcba
2022-06-12 20:59:25,476 INFO n.Main [main] navigation.realization.Peak@4721d212
2022-06-12 20:59:25,476 INFO n.Main [main] navigation.realization.Peak@1b065145
2022-06-12 20:59:25,476 INFO n.Main [main] navigation.realization.Peak@45cff11c
2022-06-12 20:59:25,476 INFO n.Main [main] navigation.realization.Peak@207ea13
2022-06-12 20:59:25,476 INFO n.Main [main] navigation.realization.Peak@4bff1903
2022-06-12 20:59:25,476 INFO n.Main [main] navigation.realization.Peak@62dae540
2022-06-12 20:59:25,476 INFO n.Main [main] navigation.realization.Peak@5827af16
2022-06-12 20:59:25,476 INFO n.Main [main] navigation.realization.Peak@654d8173
2022-06-12 20:59:25,476 INFO n.Main [main] navigation.realization.Peak@56c9bbd8
2022-06-12 20:59:25,476 INFO n.Main [main] navigation.realization.Peak@630cb4a4
2022-06-12 20:59:25,476 INFO n.Main [main] navigation.realization.Peak@636e8cc
2022-06-12 20:59:25,476 INFO n.Main [main] navigation.realization.Peak@f79a760
2022-06-12 20:59:25,476 INFO n.Main [main] navigation.realization.Peak@14f5da2c
2022-06-12 20:59:25,476 INFO n.Main [main] navigation.realization.Peak@12dae582
2022-06-12 20:59:25,476 INFO n.Main [main] navigation.realization.Peak@239b0f9d
2022-06-12 20:59:25,476 INFO n.Main [main] navigation.realization.Peak@619bfe29
2022-06-12 20:59:25,476 INFO n.Main [main] navigation.realization.Peak@5b057c8c
2022-06-12 20:59:25,476 INFO n.Main [main] navigation.realization.Peak@1eb6749b
2022-06-12 20:59:25,476 INFO n.Main [main] navigation.realization.Peak@652a7737
2022-06-12 20:59:25,476 INFO n.Main [main] navigation.realization.Peak@5b7ea70d
2022-06-12 20:59:25,476 INFO n.Main [main] navigation.realization.Peak@2bef51f2
2022-06-12 20:59:25,476 INFO n.Main [main] navigation.realization.Peak@650eab8
2022-06-12 20:59:25,476 INFO n.Main [main] navigation.realization.Peak@30f5a68a
2022-06-12 20:59:25,476 INFO n.Main [main] navigation.realization.Peak@1e1d3956
2022-06-12 20:59:25,476 INFO n.Main [main] navigation.realization.Peak@4f2c9ba6
2022-06-12 20:59:25,476 INFO n.Main [main] navigation.realization.Peak@4e28bdd1
2022-06-12 20:59:25,476 INFO n.Main [main] navigation.realization.Peak@53f48368
2022-06-12 20:59:25,476 INFO n.Main [main] navigation.realization.Peak@24d4d7c9
2022-06-12 20:59:25,476 INFO n.Main [main] navigation.realization.Peak@f0e995e
2022-06-12 20:59:25,476 INFO n.Main [main] navigation.realization.Peak@4c37b5b
2022-06-12 20:59:25,476 INFO n.Main [main] navigation.realization.Peak@73db4768
2022-06-12 20:59:25,476 INFO n.Main [main] navigation.realization.Peak@71b3bc45
2022-06-12 20:59:25,476 INFO n.Main [main] navigation.realization.Peak@a8c1f44
2022-06-12 20:59:25,476 INFO n.Main [main] navigation.realization.Peak@150ab4ed
2022-06-12 20:59:25,476 INFO n.Main [main] navigation.realization.Peak@3c435123
2022-06-12 20:59:25,476 INFO n.Main [main] navigation.realization.Peak@50fe837a
2022-06-12 20:59:25,476 INFO n.Main [main] navigation.realization.Peak@3a62c01e
2022-06-12 20:59:25,476 INFO n.Main [main] navigation.realization.Peak@7a8fa663
2022-06-12 20:59:25,476 INFO n.Main [main] navigation.realization.Peak@5ce33a58
2022-06-12 20:59:25,476 INFO n.Main [main] navigation.realization.Peak@78a287ed
2022-06-12 20:59:25,476 INFO n.Main [main] navigation.realization.Peak@546ccad7
2022-06-12 20:59:25,476 INFO n.Main [main] navigation.realization.Peak@5357c287
2022-06-12 20:59:25,476 INFO n.Main [main] navigation.realization.Peak@1623134f
2022-06-12 20:59:25,476 INFO n.Main [main] navigation.realization.Peak@7a527389
2022-06-12 20:59:25,486 INFO n.Main [main] navigation.realization.Peak@485a3466
2022-06-12 20:59:25,486 INFO n.Main [main] navigation.realization.Peak@25748410
2022-06-12 20:59:25,486 INFO n.Main [main] navigation.realization.Peak@2b43529a
2022-06-12 20:59:25,486 INFO n.Main [main] navigation.realization.Peak@4264b240
2022-06-12 20:59:25,486 INFO n.Main [main] navigation.realization.Peak@5b04476e
2022-06-12 20:59:25,486 INFO n.Main [main] navigation.realization.Peak@5ad10c1a
2022-06-12 20:59:25,486 INFO n.Main [main] navigation.realization.Peak@6bb75258
2022-06-12 20:59:25,486 INFO n.Main [main] navigation.realization.Peak@c260bdc
2022-06-12 20:59:25,486 INFO n.Main [main] navigation.realization.Peak@75e01201
2022-06-12 20:59:25,486 INFO n.Main [main] navigation.realization.Peak@2783717b
2022-06-12 20:59:25,486 INFO n.Main [main] navigation.realization.Peak@76f7d241
2022-06-12 20:59:25,486 INFO n.Main [main] navigation.realization.Peak@4a335fa8
2022-06-12 20:59:25,486 INFO n.Main [main] navigation.realization.Peak@3f363cf5
2022-06-12 20:59:25,486 INFO n.Main [main] navigation.realization.Peak@3829ac1
2022-06-12 20:59:25,486 INFO n.Main [main] navigation.realization.Peak@4baf352a
2022-06-12 20:59:25,486 INFO n.Main [main] navigation.realization.Peak@1bb1fde8
2022-06-12 20:59:25,486 INFO n.Main [main] navigation.realization.Peak@15eebbff
2022-06-12 20:59:25,486 INFO n.Main [main] navigation.realization.Peak@22d6f11
2022-06-12 20:59:25,486 INFO n.Main [main] navigation.realization.Peak@30990c1b
2022-06-12 20:59:25,486 INFO n.Main [main] navigation.realization.Peak@2453f95d
2022-06-12 20:59:25,486 INFO n.Main [main] navigation.realization.Peak@44828f6b
2022-06-12 20:59:25,486 INFO n.Main [main] navigation.realization.Peak@2dbe250d
2022-06-12 20:59:25,486 INFO n.Main [main] navigation.realization.Peak@553f1d75
2022-06-12 20:59:25,486 INFO n.Main [main] navigation.realization.Peak@6e1d8f9e
2022-06-12 20:59:25,486 INFO n.Main [main] navigation.realization.Peak@3e34ace1
2022-06-12 20:59:25,486 INFO n.Main [main] navigation.realization.Peak@62fe6067
2022-06-12 20:59:25,486 INFO n.Main [main] navigation.realization.Peak@4f071df8
2022-06-12 20:59:25,486 INFO n.Main [main] navigation.realization.Peak@4de41af9
2022-06-12 20:59:25,486 INFO n.Main [main] navigation.realization.Peak@56ace400
2022-06-12 20:59:25,486 INFO n.Main [main] navigation.realization.Peak@47404bea
2022-06-12 20:59:25,486 INFO n.Main [main] navigation.realization.Peak@305f7627
2022-06-12 20:59:25,486 INFO n.Main [main] navigation.realization.Peak@5d018107
2022-06-12 20:59:25,486 INFO n.Main [main] navigation.realization.Peak@6cbcf243
2022-06-12 20:59:25,486 INFO n.Main [main] navigation.realization.Peak@29e6eb25
2022-06-12 20:59:25,486 INFO n.Main [main] navigation.realization.Peak@62435e70
2022-06-12 20:59:25,486 INFO n.Main [main] navigation.realization.Peak@339bf286
2022-06-12 20:59:25,486 INFO n.Main [main] navigation.realization.Peak@38be305c
2022-06-12 20:59:25,486 INFO n.Main [main] navigation.realization.Peak@269f4bad
2022-06-12 20:59:25,486 INFO n.Main [main] navigation.realization.Peak@5ed731d0
2022-06-12 20:59:25,486 INFO n.Main [main] navigation.realization.Peak@3234f74e
2022-06-12 20:59:25,486 INFO n.Main [main] navigation.realization.Peak@7bc10d84
2022-06-12 20:59:25,486 INFO n.Main [main] navigation.realization.Peak@275fe372
2022-06-12 20:59:25,486 INFO n.Main [main] navigation.realization.Peak@40e10ff8
2022-06-12 20:59:25,486 INFO n.Main [main] navigation.realization.Peak@557a1e2d
2022-06-12 20:59:25,486 INFO n.Main [main] navigation.realization.Peak@26a4842b
2022-06-12 20:59:25,486 INFO n.Main [main] navigation.realization.Peak@7e38a7fe
2022-06-12 20:59:25,486 INFO n.Main [main] navigation.realization.Peak@366ef90e
2022-06-12 20:59:25,486 INFO n.Main [main] navigation.realization.Peak@33e01298
2022-06-12 20:59:25,486 INFO n.Main [main] navigation.realization.Peak@31e75d13
2022-06-12 20:59:25,486 INFO n.Main [main] navigation.realization.Peak@a5b0b86
2022-06-12 20:59:25,486 INFO n.Main [main] navigation.realization.Peak@4b3c354a
2022-06-12 20:59:25,486 INFO n.Main [main] navigation.realization.Peak@78fb9a67
2022-06-12 20:59:25,486 INFO n.Main [main] navigation.realization.Peak@73ff4fae
2022-06-12 20:59:25,486 INFO n.Main [main] navigation.realization.Peak@21aa6d6c
2022-06-12 20:59:25,486 INFO n.Main [main] navigation.realization.Peak@b968a76
2022-06-12 20:59:25,486 INFO n.Main [main] navigation.realization.Peak@2f9a01c1
2022-06-12 20:59:25,486 INFO n.Main [main] navigation.realization.Peak@2611b9a3
2022-06-12 20:59:25,486 INFO n.Main [main] navigation.realization.Peak@54227100
2022-06-12 20:59:25,486 INFO n.Main [main] navigation.realization.Peak@6b5894c8
2022-06-12 20:59:25,486 INFO n.Main [main] navigation.realization.Peak@1433046b
2022-06-12 20:59:25,496 INFO n.Main [main] navigation.realization.Peak@3f446bef
2022-06-12 20:59:25,496 INFO n.Main [main] navigation.realization.Peak@7829b776
2022-06-12 20:59:25,496 INFO n.Main [main] navigation.realization.Peak@5778826f
2022-06-12 20:59:25,496 INFO n.Main [main] navigation.realization.Peak@5b64c4b7
2022-06-12 20:59:25,496 INFO n.Main [main] navigation.realization.Peak@4763c727
2022-06-12 20:59:25,496 INFO n.Main [main] navigation.realization.Peak@72445aba
2022-06-12 20:59:25,496 INFO n.Main [main] navigation.realization.Peak@61bcd567
2022-06-12 20:59:25,496 INFO n.Main [main] navigation.realization.Peak@1c80e49b
2022-06-12 20:59:25,496 INFO n.Main [main] navigation.realization.Peak@458342d3
2022-06-12 20:59:25,496 INFO n.Main [main] navigation.realization.Peak@15c25153
2022-06-12 20:59:25,496 INFO n.Main [main] navigation.realization.Peak@1252b961
2022-06-12 20:59:25,496 INFO n.Main [main] navigation.realization.Peak@9ed238c
2022-06-12 20:59:25,496 INFO n.Main [main] navigation.realization.Peak@56276db8
2022-06-12 20:59:25,496 INFO n.Main [main] navigation.realization.Peak@51e8e6e6
2022-06-12 20:59:25,496 INFO n.Main [main] navigation.realization.Peak@56f6d40b
2022-06-12 20:59:25,496 INFO n.Main [main] navigation.realization.Peak@36676c1a
2022-06-12 20:59:25,496 INFO n.Main [main] navigation.realization.Peak@5b408dc3
2022-06-12 20:59:25,496 INFO n.Main [main] navigation.realization.Peak@4d098f9b
2022-06-12 20:59:25,496 INFO n.Main [main] navigation.realization.Peak@2dbf4cbd
2022-06-12 20:59:25,496 INFO n.Main [main] navigation.realization.Peak@20b5f2ac
2022-06-12 20:59:25,496 INFO n.Main [main] navigation.realization.Peak@7fc44dec
2022-06-12 20:59:25,496 INFO n.Main [main] navigation.realization.Peak@7e3060d8
2022-06-12 20:59:25,496 INFO n.Main [main] navigation.realization.Peak@293d0107
2022-06-12 20:59:25,496 INFO n.Main [main] navigation.realization.Peak@2692b61e
2022-06-12 20:59:25,496 INFO n.Main [main] navigation.realization.Peak@7b64240d
2022-06-12 20:59:25,496 INFO n.Main [main] navigation.realization.Peak@62fad19
2022-06-12 20:59:25,496 INFO n.Main [main] navigation.realization.Peak@47dbb1e2
2022-06-12 20:59:25,496 INFO n.Main [main] navigation.realization.Peak@74cadd41
2022-06-12 20:59:25,496 INFO n.Main [main] navigation.realization.Peak@2e54db99
2022-06-12 20:59:25,496 INFO n.Main [main] navigation.realization.Peak@55e8ec2f
2022-06-12 20:59:25,496 INFO n.Main [main] navigation.realization.Peak@4f2613d1
2022-06-12 20:59:25,496 INFO n.Main [main] navigation.realization.Peak@6d24ffa1
2022-06-12 20:59:25,496 INFO n.Main [main] navigation.realization.Peak@65a4798f
2022-06-12 20:59:25,496 INFO n.Main [main] navigation.realization.Peak@773f7880
2022-06-12 20:59:25,496 INFO n.Main [main] navigation.realization.Peak@878452d
2022-06-12 20:59:25,496 INFO n.Main [main] navigation.realization.Peak@426b6a74
2022-06-12 20:59:25,496 INFO n.Main [main] navigation.realization.Peak@4c51bb7
2022-06-12 20:59:25,496 INFO n.Main [main] navigation.realization.Peak@83298d7
2022-06-12 20:59:25,496 INFO n.Main [main] navigation.realization.Peak@42a9e5d1
2022-06-12 20:59:25,496 INFO n.Main [main] navigation.realization.Peak@5b080f3a
2022-06-12 20:59:25,496 INFO n.Main [main] navigation.realization.Peak@773cbf4f
2022-06-12 20:59:25,496 INFO n.Main [main] navigation.realization.Peak@6b54655f
2022-06-12 20:59:25,496 INFO n.Main [main] navigation.realization.Peak@665e9289
2022-06-12 20:59:25,496 INFO n.Main [main] navigation.realization.Peak@7d3430a7
2022-06-12 20:59:25,496 INFO n.Main [main] navigation.realization.Peak@6f603e89
2022-06-12 20:59:25,496 INFO n.Main [main] navigation.realization.Peak@2756c0a7
2022-06-12 20:59:25,496 INFO n.Main [main] navigation.realization.Peak@350ec41e
2022-06-12 20:59:25,496 INFO n.Main [main] navigation.realization.Peak@69637b10
2022-06-12 20:59:25,496 INFO n.Main [main] navigation.realization.Peak@71984c3
2022-06-12 20:59:25,496 INFO n.Main [main] navigation.realization.Peak@165b2f7f
2022-06-12 20:59:25,496 INFO n.Main [main] navigation.realization.Peak@5536379e
2022-06-12 20:59:25,496 INFO n.Main [main] navigation.realization.Peak@277f7dd3
2022-06-12 20:59:25,496 INFO n.Main [main] navigation.realization.Peak@6c8bca63
2022-06-12 20:59:25,496 INFO n.Main [main] navigation.realization.Peak@2364305a
2022-06-12 20:59:25,496 INFO n.Main [main] navigation.realization.Peak@470a696f
2022-06-12 20:59:25,496 INFO n.Main [main] navigation.realization.Peak@1bc715b8
2022-06-12 20:59:25,496 INFO n.Main [main] navigation.realization.Peak@292d1c71
2022-06-12 20:59:25,496 INFO n.Main [main] navigation.realization.Peak@2b491fee
2022-06-12 20:59:25,496 INFO n.Main [main] navigation.realization.Peak@3f1c5af9
2022-06-12 20:59:25,496 INFO n.Main [main] navigation.realization.Peak@1c55f277
2022-06-12 20:59:25,496 INFO n.Main [main] navigation.realization.Peak@5ddabb18
2022-06-12 20:59:25,496 INFO n.Main [main] navigation.realization.Peak@3e8f7922
2022-06-12 20:59:25,496 INFO n.Main [main] navigation.realization.Peak@63192798
2022-06-12 20:59:25,496 INFO n.Main [main] navigation.realization.Peak@50eca7c6
2022-06-12 20:59:25,496 INFO n.Main [main] navigation.realization.Peak@58e6d4b8
2022-06-12 20:59:25,496 INFO n.Main [main] navigation.realization.Peak@1de5f0ef
2022-06-12 20:59:25,496 INFO n.Main [main] navigation.realization.Peak@376a312c
2022-06-12 20:59:25,496 INFO n.Main [main] navigation.realization.Peak@28d6290
2022-06-12 20:59:25,496 INFO n.Main [main] navigation.realization.Peak@6ca0256d
2022-06-12 20:59:25,496 INFO n.Main [main] navigation.realization.Peak@5ef0d29e
2022-06-12 20:59:25,496 INFO n.Main [main] navigation.realization.Peak@38f57b3d
2022-06-12 20:59:25,496 INFO n.Main [main] navigation.realization.Peak@51850751
2022-06-12 20:59:25,496 INFO n.Main [main] navigation.realization.Peak@3ce3db41
2022-06-12 20:59:25,496 INFO n.Main [main] navigation.realization.Peak@64df9a61
2022-06-12 20:59:25,496 INFO n.Main [main] navigation.realization.Peak@77602954
2022-06-12 20:59:25,496 INFO n.Main [main] navigation.realization.Peak@e260766
2022-06-12 20:59:25,506 INFO n.Main [main] navigation.realization.Peak@2c3dec30
2022-06-12 20:59:25,506 INFO n.Main [main] navigation.realization.Peak@34a97744
2022-06-12 20:59:25,506 INFO n.Main [main] navigation.realization.Peak@4275c20c
2022-06-12 20:59:25,506 INFO n.Main [main] navigation.realization.Peak@7c56e013
2022-06-12 20:59:25,506 INFO n.Main [main] navigation.realization.Peak@3fc9dfc5
2022-06-12 20:59:25,506 INFO n.Main [main] navigation.realization.Peak@40258c2f
2022-06-12 20:59:25,506 INFO n.Main [main] navigation.realization.Peak@2cac4385
2022-06-12 20:59:25,506 INFO n.Main [main] navigation.realization.Peak@6731787b
2022-06-12 20:59:25,506 INFO n.Main [main] navigation.realization.Peak@16f7b4af
2022-06-12 20:59:25,506 INFO n.Main [main] navigation.realization.Peak@7adf16aa
2022-06-12 20:59:25,506 INFO n.Main [main] navigation.realization.Peak@34a1d21f
2022-06-12 20:59:25,506 INFO n.Main [main] navigation.realization.Peak@58bf8650
2022-06-12 20:59:25,506 INFO n.Main [main] navigation.realization.Peak@73c60324
2022-06-12 20:59:25,506 INFO n.Main [main] navigation.realization.Peak@71ae31b0
2022-06-12 20:59:25,506 INFO n.Main [main] navigation.realization.Peak@4ba534b0
2022-06-12 20:59:25,506 INFO n.Main [main] navigation.realization.Peak@6f0ca692
2022-06-12 20:59:25,506 INFO n.Main [main] navigation.realization.Peak@2c104774
2022-06-12 20:59:25,506 INFO n.Main [main] navigation.realization.Peak@2cb3d0f7
2022-06-12 20:59:25,506 INFO n.Main [main] navigation.realization.Peak@4e517165
2022-06-12 20:59:25,506 INFO n.Main [main] navigation.realization.Peak@44e3760b
2022-06-12 20:59:25,506 INFO n.Main [main] navigation.realization.Peak@6a66a204
2022-06-12 20:59:25,506 INFO n.Main [main] navigation.realization.Peak@5860f3d7
2022-06-12 20:59:25,506 INFO n.Main [main] navigation.realization.Peak@1d7f7be7
2022-06-12 20:59:25,506 INFO n.Main [main] navigation.realization.Peak@42f3156d
2022-06-12 20:59:25,506 INFO n.Main [main] navigation.realization.Peak@1ddae9b5
2022-06-12 20:59:25,506 INFO n.Main [main] navigation.realization.Peak@427b5f92
2022-06-12 20:59:25,506 INFO n.Main [main] navigation.realization.Peak@24bdb479
2022-06-12 20:59:25,506 INFO n.Main [main] navigation.realization.Peak@7e3f95fe
2022-06-12 20:59:25,506 INFO n.Main [main] navigation.realization.Peak@34625ccd
2022-06-12 20:59:25,506 INFO n.Main [main] navigation.realization.Peak@2c7d121c
2022-06-12 20:59:25,506 INFO n.Main [main] navigation.realization.Peak@65aa6596
2022-06-12 20:59:25,506 INFO n.Main [main] navigation.realization.Peak@67389cb8
2022-06-12 20:59:25,506 INFO n.Main [main] navigation.realization.Peak@419a20a6
2022-06-12 20:59:25,506 INFO n.Main [main] navigation.realization.Peak@533377b
2022-06-12 20:59:25,506 INFO n.Main [main] navigation.realization.Peak@3383649e
2022-06-12 20:59:25,506 INFO n.Main [main] navigation.realization.Peak@10fde30a
2022-06-12 20:59:25,506 INFO n.Main [main] navigation.realization.Peak@f27ea3
2022-06-12 20:59:25,506 INFO n.Main [main] navigation.realization.Peak@1ce61929
2022-06-12 20:59:25,506 INFO n.Main [main] navigation.realization.Peak@346939bf
2022-06-12 20:59:25,506 INFO n.Main [main] navigation.realization.Peak@4bf3798b
2022-06-12 20:59:25,506 INFO n.Main [main] navigation.realization.Peak@58670130
2022-06-12 20:59:25,514 INFO n.Main [main] navigation.realization.Peak@74e47444
2022-06-12 20:59:25,514 INFO n.Main [main] navigation.realization.Peak@9bd0fa6
2022-06-12 20:59:25,514 INFO n.Main [main] navigation.realization.Peak@59d2103b
2022-06-12 20:59:25,514 INFO n.Main [main] navigation.realization.Peak@39dcf4b0
2022-06-12 20:59:25,514 INFO n.Main [main] navigation.realization.Peak@6e4de19b
2022-06-12 20:59:25,514 INFO n.Main [main] navigation.realization.Peak@f6c03cb
2022-06-12 20:59:25,514 INFO n.Main [main] navigation.realization.Peak@46f699d5
2022-06-12 20:59:25,514 INFO n.Main [main] navigation.realization.Peak@18518ccf
2022-06-12 20:59:25,514 INFO n.Main [main] navigation.realization.Peak@1991f767
2022-06-12 20:59:25,514 INFO n.Main [main] navigation.realization.Peak@768ccdc5
2022-06-12 20:59:25,514 INFO n.Main [main] navigation.realization.Peak@4c6daf0
2022-06-12 20:59:25,514 INFO n.Main [main] navigation.realization.Peak@10650953
2022-06-12 20:59:25,514 INFO n.Main [main] navigation.realization.Peak@659eef7
2022-06-12 20:59:25,514 INFO n.Main [main] navigation.realization.Peak@162be91c
2022-06-12 20:59:25,514 INFO n.Main [main] navigation.realization.Peak@2488b073
2022-06-12 20:59:25,514 INFO n.Main [main] navigation.realization.Peak@1c9f0a20
2022-06-12 20:59:25,514 INFO n.Main [main] navigation.realization.Peak@55787112
2022-06-12 20:59:25,514 INFO n.Main [main] navigation.realization.Peak@1cd201a8
2022-06-12 20:59:25,514 INFO n.Main [main] navigation.realization.Peak@7db82169
2022-06-12 20:59:25,514 INFO n.Main [main] navigation.realization.Peak@1992eaf4
2022-06-12 20:59:25,516 INFO n.Main [main] navigation.realization.Peak@f74e835
2022-06-12 20:59:25,516 INFO n.Main [main] navigation.realization.Peak@3276732
2022-06-12 20:59:25,516 INFO n.Main [main] navigation.realization.Peak@3f28bd56
2022-06-12 20:59:25,516 INFO n.Main [main] navigation.realization.Peak@31e3250d
2022-06-12 20:59:25,516 INFO n.Main [main] navigation.realization.Peak@19fe4644
2022-06-12 20:59:25,516 INFO n.Main [main] navigation.realization.Peak@21d8bcbe
2022-06-12 20:59:25,516 INFO n.Main [main] navigation.realization.Peak@5be067de
2022-06-12 20:59:25,516 INFO n.Main [main] navigation.realization.Peak@7383eae2
2022-06-12 20:59:25,516 INFO n.Main [main] navigation.realization.Peak@18245eb0
2022-06-12 20:59:25,516 INFO n.Main [main] navigation.realization.Peak@7c7d3c46
2022-06-12 20:59:25,516 INFO n.Main [main] navigation.realization.Peak@24fb6a80
2022-06-12 20:59:25,516 INFO n.Main [main] navigation.realization.Peak@48c35007
2022-06-12 20:59:25,516 INFO n.Main [main] navigation.realization.Peak@72a85671
2022-06-12 20:59:25,516 INFO n.Main [main] navigation.realization.Peak@6722db6e
2022-06-12 20:59:25,516 INFO n.Main [main] navigation.realization.Peak@18f20260
2022-06-12 20:59:25,516 INFO n.Main [main] navigation.realization.Peak@4ae33a11
2022-06-12 20:59:25,516 INFO n.Main [main] navigation.realization.Peak@7a48e6e2
2022-06-12 20:59:25,516 INFO n.Main [main] navigation.realization.Peak@b40bb6e
2022-06-12 20:59:25,516 INFO n.Main [main] navigation.realization.Peak@3a94964
2022-06-12 20:59:25,516 INFO n.Main [main] navigation.realization.Peak@5049d8b2
2022-06-12 20:59:25,516 INFO n.Main [main] navigation.realization.Peak@6d0b5baf
2022-06-12 20:59:25,516 INFO n.Main [main] navigation.realization.Peak@631e06ab
2022-06-12 20:59:25,516 INFO n.Main [main] navigation.realization.Peak@2a3591c5
2022-06-12 20:59:25,516 INFO n.Main [main] navigation.realization.Peak@34a75079
2022-06-12 20:59:25,516 INFO n.Main [main] navigation.realization.Peak@346a361
2022-06-12 20:59:25,516 INFO n.Main [main] navigation.realization.Peak@107ed6fc
